<?xml version="1.0" encoding="UTF-8"?>
<testsuite xmlns:xsi="http://www.w3.org/2001/XMLSchema-instance" xsi:noNamespaceSchemaLocation="https://maven.apache.org/surefire/maven-surefire-plugin/xsd/surefire-test-report.xsd" name="test.project.RateLimiterTest" time="2.152" tests="6" errors="0" skipped="0" failures="0">
  <properties>
[...]
</properties>
  <testcase name="testAllowUnderLimit" classname="test.project.RateLimiterTest" time="0"/>
  <testcase name="testAllowAfterCooldown" classname="test.project.RateLimiterTest" time="1.105"/>
  <testcase name="testSlidingWindowPrecision" classname="test.project.RateLimiterTest" time="1.026"/>
  <testcase name="testAllowUnderLimitWithDifferentUrl" classname="test.project.RateLimiterTest" time="0.001"/>
  <testcase name="testThreadSafety" classname="test.project.RateLimiterTest" time="0.005"/>
  <testcase name="testRejectOverLimit" classname="test.project.RateLimiterTest" time="0"/>
</testsuite>